<?xml version="1.0" encoding="UTF-8"?>
<!-- Generated by org.testng.reporters.JUnitReportReporter -->
<testsuite hostname="asd1549po01976" name="qait.task.gitautomate.Pull" tests="1" failures="0" timestamp="30 Jun 2016 13:50:11 GMT" time="16.979" errors="0">
  <testcase name="f" time="16.979" classname="qait.task.gitautomate.Pull"/>
</testsuite> <!-- qait.task.gitautomate.Pull -->
