<?xml version="1.0" encoding="UTF-8"?>
<!-- Generated by org.testng.reporters.JUnitReportReporter -->
<testsuite hostname="asd1549po01976" name="qait.task.gitautomate.NewTest" tests="1" failures="0" timestamp="29 Jun 2016 09:55:17 GMT" time="35.040" errors="0">
  <testcase name="f" time="35.040" classname="qait.task.gitautomate.NewTest"/>
</testsuite> <!-- qait.task.gitautomate.NewTest -->
