<?xml version="1.0" encoding="UTF-8"?>
<!-- Generated by org.testng.reporters.JUnitReportReporter -->
<testsuite hostname="asd1549po01976" name="qait.task.gitautomate.DeleteTest" tests="1" failures="0" timestamp="30 Jun 2016 09:48:59 GMT" time="12.190" errors="0">
  <testcase name="test" time="12.190" classname="qait.task.gitautomate.DeleteTest"/>
</testsuite> <!-- qait.task.gitautomate.DeleteTest -->
