<?xml version="1.0" encoding="UTF-8"?>
<!-- Generated by org.testng.reporters.JUnitReportReporter -->
<testsuite hostname="asd1549po01976" name="qait.task.gitautomate.CloneTest" tests="1" failures="0" timestamp="30 Jun 2016 11:47:52 GMT" time="3.103" errors="0">
  <testcase name="Test" time="3.103" classname="qait.task.gitautomate.CloneTest"/>
</testsuite> <!-- qait.task.gitautomate.CloneTest -->
