<?xml version="1.0" encoding="UTF-8"?>
<!-- Generated by org.testng.reporters.JUnitReportReporter -->
<testsuite hostname="asd1549po01976" name="qait.task.gitautomate.CheckInTest" tests="1" failures="0" timestamp="30 Jun 2016 04:56:43 GMT" time="5.306" errors="0">
  <testcase name="f" time="5.306" classname="qait.task.gitautomate.CheckInTest"/>
</testsuite> <!-- qait.task.gitautomate.CheckInTest -->
