<?xml version="1.0" encoding="UTF-8"?>
<!-- Generated by org.testng.reporters.JUnitReportReporter -->
<testsuite hostname="asd1549po01976" name="qait.task.gitautomate.ReadMeEditTest" tests="1" failures="0" timestamp="30 Jun 2016 14:16:28 GMT" time="18.550" errors="0">
  <testcase name="f" time="18.550" classname="qait.task.gitautomate.ReadMeEditTest"/>
</testsuite> <!-- qait.task.gitautomate.ReadMeEditTest -->
