<?xml version="1.0" encoding="UTF-8"?>
<!-- Generated by org.testng.reporters.JUnitReportReporter -->
<testsuite hostname="asd1549po01976" name="qait.task.gitautomate.GitTest" tests="1" failures="0" timestamp="29 Jun 2016 11:58:31 GMT" time="24.068" errors="0">
  <testcase name="beforeTest" time="24.068" classname="qait.task.gitautomate.GitTest"/>
</testsuite> <!-- qait.task.gitautomate.GitTest -->
